<?xml version="1.0" encoding="UTF-8"?>
<testng-results skipped="0" failed="0" ignored="0" total="2" passed="2">
  <reporter-output>
  </reporter-output>
  <suite name="opencartsuit" duration-ms="31806" started-at="2022-04-04T00:36:33 PDT" finished-at="2022-04-04T00:37:05 PDT">
    <groups>
      <group name="sanity">
        <method signature="TC_login.test_login()[pri:0, instance:testcases.TC_login@37374a5e]" name="test_login" class="testcases.TC_login"/>
      </group> <!-- sanity -->
      <group name="master">
        <method signature="TC_001Accountregistration.test_registration()[pri:0, instance:testcases.TC_001Accountregistration@74ad1f1f]" name="test_registration" class="testcases.TC_001Accountregistration"/>
        <method signature="TC_login.test_login()[pri:0, instance:testcases.TC_login@37374a5e]" name="test_login" class="testcases.TC_login"/>
      </group> <!-- master -->
    </groups>
    <test name="opencarttest" duration-ms="31806" started-at="2022-04-04T00:36:33 PDT" finished-at="2022-04-04T00:37:05 PDT">
      <class name="testcases.TC_login">
        <test-method status="PASS" signature="setup(java.lang.String)[pri:0, instance:testcases.TC_login@37374a5e]" name="setup" is-config="true" duration-ms="10833" started-at="2022-04-04T00:36:50 PDT" finished-at="2022-04-04T00:37:01 PDT">
          <params>
            <param index="0">
              <value>
                <![CDATA[chrome]]>
              </value>
            </param>
          </params>
          <reporter-output>
          </reporter-output>
        </test-method> <!-- setup -->
        <test-method status="PASS" signature="test_login()[pri:0, instance:testcases.TC_login@37374a5e]" name="test_login" duration-ms="2929" started-at="2022-04-04T00:37:01 PDT" finished-at="2022-04-04T00:37:04 PDT">
          <reporter-output>
          </reporter-output>
        </test-method> <!-- test_login -->
        <test-method status="PASS" signature="teardown()[pri:0, instance:testcases.TC_login@37374a5e]" name="teardown" is-config="true" duration-ms="659" started-at="2022-04-04T00:37:04 PDT" finished-at="2022-04-04T00:37:05 PDT">
          <reporter-output>
          </reporter-output>
        </test-method> <!-- teardown -->
      </class> <!-- testcases.TC_login -->
      <class name="testcases.TC_001Accountregistration">
        <test-method status="PASS" signature="setup(java.lang.String)[pri:0, instance:testcases.TC_001Accountregistration@74ad1f1f]" name="setup" is-config="true" duration-ms="13200" started-at="2022-04-04T00:36:33 PDT" finished-at="2022-04-04T00:36:46 PDT">
          <params>
            <param index="0">
              <value>
                <![CDATA[chrome]]>
              </value>
            </param>
          </params>
          <reporter-output>
          </reporter-output>
        </test-method> <!-- setup -->
        <test-method status="PASS" signature="test_registration()[pri:0, instance:testcases.TC_001Accountregistration@74ad1f1f]" name="test_registration" duration-ms="3248" started-at="2022-04-04T00:36:47 PDT" finished-at="2022-04-04T00:36:50 PDT">
          <reporter-output>
          </reporter-output>
        </test-method> <!-- test_registration -->
        <test-method status="PASS" signature="teardown()[pri:0, instance:testcases.TC_001Accountregistration@74ad1f1f]" name="teardown" is-config="true" duration-ms="709" started-at="2022-04-04T00:36:50 PDT" finished-at="2022-04-04T00:36:50 PDT">
          <reporter-output>
          </reporter-output>
        </test-method> <!-- teardown -->
      </class> <!-- testcases.TC_001Accountregistration -->
    </test> <!-- opencarttest -->
  </suite> <!-- opencartsuit -->
</testng-results>
