<?xml version="1.0" encoding="UTF-8"?>
<testng-results skipped="0" failed="0" ignored="0" total="2" passed="2">
  <reporter-output>
  </reporter-output>
  <suite name="opencartsuit" duration-ms="29824" started-at="2022-04-03T23:19:11 PDT" finished-at="2022-04-03T23:19:41 PDT">
    <groups>
      <group name="sanity">
        <method signature="TC_login.test_login()[pri:0, instance:testcases.TC_login@1f021e6c]" name="test_login" class="testcases.TC_login"/>
      </group> <!-- sanity -->
      <group name="master">
        <method signature="TC_001Accountregistration.test_registration()[pri:0, instance:testcases.TC_001Accountregistration@6dde5c8c]" name="test_registration" class="testcases.TC_001Accountregistration"/>
        <method signature="TC_login.test_login()[pri:0, instance:testcases.TC_login@1f021e6c]" name="test_login" class="testcases.TC_login"/>
      </group> <!-- master -->
    </groups>
    <test name="opencarttest" duration-ms="29824" started-at="2022-04-03T23:19:11 PDT" finished-at="2022-04-03T23:19:41 PDT">
      <class name="testcases.TC_login">
        <test-method status="PASS" signature="setup(java.lang.String)[pri:0, instance:testcases.TC_login@1f021e6c]" name="setup" is-config="true" duration-ms="10403" started-at="2022-04-03T23:19:27 PDT" finished-at="2022-04-03T23:19:37 PDT">
          <params>
            <param index="0">
              <value>
                <![CDATA[chrome]]>
              </value>
            </param>
          </params>
          <reporter-output>
          </reporter-output>
        </test-method> <!-- setup -->
        <test-method status="PASS" signature="test_login()[pri:0, instance:testcases.TC_login@1f021e6c]" name="test_login" duration-ms="2685" started-at="2022-04-03T23:19:37 PDT" finished-at="2022-04-03T23:19:40 PDT">
          <reporter-output>
          </reporter-output>
        </test-method> <!-- test_login -->
        <test-method status="PASS" signature="teardown()[pri:0, instance:testcases.TC_login@1f021e6c]" name="teardown" is-config="true" duration-ms="677" started-at="2022-04-03T23:19:40 PDT" finished-at="2022-04-03T23:19:41 PDT">
          <reporter-output>
          </reporter-output>
        </test-method> <!-- teardown -->
      </class> <!-- testcases.TC_login -->
      <class name="testcases.TC_001Accountregistration">
        <test-method status="PASS" signature="setup(java.lang.String)[pri:0, instance:testcases.TC_001Accountregistration@6dde5c8c]" name="setup" is-config="true" duration-ms="11942" started-at="2022-04-03T23:19:11 PDT" finished-at="2022-04-03T23:19:23 PDT">
          <params>
            <param index="0">
              <value>
                <![CDATA[chrome]]>
              </value>
            </param>
          </params>
          <reporter-output>
          </reporter-output>
        </test-method> <!-- setup -->
        <test-method status="PASS" signature="test_registration()[pri:0, instance:testcases.TC_001Accountregistration@6dde5c8c]" name="test_registration" duration-ms="3200" started-at="2022-04-03T23:19:23 PDT" finished-at="2022-04-03T23:19:26 PDT">
          <reporter-output>
          </reporter-output>
        </test-method> <!-- test_registration -->
        <test-method status="PASS" signature="teardown()[pri:0, instance:testcases.TC_001Accountregistration@6dde5c8c]" name="teardown" is-config="true" duration-ms="685" started-at="2022-04-03T23:19:26 PDT" finished-at="2022-04-03T23:19:27 PDT">
          <reporter-output>
          </reporter-output>
        </test-method> <!-- teardown -->
      </class> <!-- testcases.TC_001Accountregistration -->
    </test> <!-- opencarttest -->
  </suite> <!-- opencartsuit -->
</testng-results>
